<?xml version="1.0" encoding="UTF-8"?>
<!-- Generated by org.testng.reporters.JUnitXMLReporter -->
<testsuite ignored="4" hostname="Greeshma" failures="0" tests="1" name="Default test" time="11.168" errors="0" timestamp="2025-06-12T20:29:44 IST">
  <testcase classname="com.sevenrmartsupermarket.tests.AdminUsersTest" name="testNewUserCreation" time="4.401"/>
  <testcase classname="com.sevenrmartsupermarket.tests.AdminUsersTest" name="testUserNameSearch" time="0.0">
    <ignored/>
  </testcase> <!-- testUserNameSearch -->
  <testcase classname="com.sevenrmartsupermarket.tests.AdminUsersTest" name="verifyStatusChangeAlertMessage" time="0.0">
    <ignored/>
  </testcase> <!-- verifyStatusChangeAlertMessage -->
  <testcase classname="com.sevenrmartsupermarket.tests.AdminUsersTest" name="verifyAdminUsersIsMoreInfo_Enabled" time="0.0">
    <ignored/>
  </testcase> <!-- verifyAdminUsersIsMoreInfo_Enabled -->
  <testcase classname="com.sevenrmartsupermarket.tests.AdminUsersTest" name="verifyDuplicateUsernameAlertMessage" time="0.0">
    <ignored/>
  </testcase> <!-- verifyDuplicateUsernameAlertMessage -->
</testsuite> <!-- Default test -->
