<?xml version="1.0" encoding="UTF-8"?>
<!-- Generated by org.testng.reporters.JUnitXMLReporter -->
<testsuite ignored="2" hostname="Greeshma" failures="0" tests="1" name="Default test" time="5.908" errors="0" timestamp="2025-06-10T20:00:49 IST">
  <testcase classname="com.sevenrmartsupermarket.tests.DashBoardTest" name="verifyLogoutOptionFromProfileIcon" time="1.676"/>
  <testcase classname="com.sevenrmartsupermarket.tests.DashBoardTest" name="verifyLogoutOptionFromMenuSettings" time="0.0">
    <ignored/>
  </testcase> <!-- verifyLogoutOptionFromMenuSettings -->
  <testcase classname="com.sevenrmartsupermarket.tests.DashBoardTest" name="verifyTheContactUsMailIsNotNull" time="0.0">
    <ignored/>
  </testcase> <!-- verifyTheContactUsMailIsNotNull -->
</testsuite> <!-- Default test -->
