<?xml version="1.0" encoding="UTF-8"?>
<!-- Generated by org.testng.reporters.JUnitXMLReporter -->
<testsuite ignored="0" hostname="Greeshma" failures="0" tests="7" name="Executing in Firefox" time="15.846" errors="0" timestamp="2025-06-03T20:49:14 IST">
  <testcase classname="com.sevenrmartsupermarket.tests.DashBoardTest" name="verifyLogoutOptionFromMenuSettings" time="0.0">
    <skipped/>
  </testcase> <!-- verifyLogoutOptionFromMenuSettings -->
  <testcase classname="com.sevenrmartsupermarket.tests.DashBoardTest" name="verifyLogoutOptionFromProfileIcon" time="0.0">
    <skipped/>
  </testcase> <!-- verifyLogoutOptionFromProfileIcon -->
  <testcase classname="com.sevenrmartsupermarket.tests.DashBoardTest" name="verifyTheContactUsMailIsNotNull" time="0.0">
    <skipped/>
  </testcase> <!-- verifyTheContactUsMailIsNotNull -->
  <testcase classname="com.sevenrmartsupermarket.tests.LoginTests" name="test_login_with_invalid_credentials" time="0.0">
    <skipped/>
  </testcase> <!-- test_login_with_invalid_credentials -->
  <testcase classname="com.sevenrmartsupermarket.tests.LoginTests" name="test_login_with_invalid_credentials" time="0.0">
    <skipped/>
  </testcase> <!-- test_login_with_invalid_credentials -->
  <testcase classname="com.sevenrmartsupermarket.tests.LoginTests" name="test_login_with_invalid_credentials" time="0.002">
    <skipped/>
  </testcase> <!-- test_login_with_invalid_credentials -->
  <testcase classname="com.sevenrmartsupermarket.tests.LoginTests" name="verifyValidLogin" time="0.0">
    <skipped/>
  </testcase> <!-- verifyValidLogin -->
</testsuite> <!-- Executing in Firefox -->
