<?xml version="1.0" encoding="UTF-8"?>
<!-- Generated by org.testng.reporters.JUnitXMLReporter -->
<testsuite ignored="1" hostname="Greeshma" failures="0" tests="6" name="Smoke Test" time="16.42" errors="0" timestamp="2025-06-03T21:55:49 IST">
  <testcase classname="com.sevenrmartsupermarket.tests.DashBoardTest" name="verifyLogoutOptionFromMenuSettings" time="1.423"/>
  <testcase classname="com.sevenrmartsupermarket.tests.DashBoardTest" name="verifyLogoutOptionFromProfileIcon" time="1.172"/>
  <testcase classname="com.sevenrmartsupermarket.tests.LoginTests" name="test_login_with_invalid_credentials" time="0.457"/>
  <testcase classname="com.sevenrmartsupermarket.tests.LoginTests" name="test_login_with_invalid_credentials" time="0.512"/>
  <testcase classname="com.sevenrmartsupermarket.tests.LoginTests" name="test_login_with_invalid_credentials" time="0.444"/>
  <testcase classname="com.sevenrmartsupermarket.tests.LoginTests" name="verifyValidLogin" time="0.816"/>
  <testcase classname="com.sevenrmartsupermarket.tests.DashBoardTest" name="verifyTheContactUsMailIsNotNull" time="0.0">
    <ignored/>
  </testcase> <!-- verifyTheContactUsMailIsNotNull -->
</testsuite> <!-- Smoke Test -->
