<?xml version="1.0" encoding="UTF-8"?>
<testng-results ignored="0" total="3" passed="3" failed="0" skipped="0">
  <reporter-output>
  </reporter-output>
  <suite started-at="2025-05-29T21:47:32 IST" name="SuiteExample" finished-at="2025-05-29T21:47:43 IST" duration-ms="10206">
    <groups>
    </groups>
    <test started-at="2025-05-29T21:47:32 IST" name="Test3" finished-at="2025-05-29T21:47:41 IST" duration-ms="8614">
      <class name="com.sevenrmartsupermarket.tests.LoginTests">
        <test-method is-config="true" signature="launchBrowser()[pri:0, instance:com.sevenrmartsupermarket.tests.LoginTests@48075da3]" started-at="2025-05-29T21:47:32 IST" name="launchBrowser" finished-at="2025-05-29T21:47:37 IST" duration-ms="5068" status="PASS">
          <reporter-output>
          </reporter-output>
        </test-method> <!-- launchBrowser -->
        <test-method signature="verifyValidLogin()[pri:0, instance:com.sevenrmartsupermarket.tests.LoginTests@48075da3]" started-at="2025-05-29T21:47:37 IST" name="verifyValidLogin" finished-at="2025-05-29T21:47:40 IST" duration-ms="2874" status="PASS">
          <reporter-output>
          </reporter-output>
        </test-method> <!-- verifyValidLogin -->
        <test-method is-config="true" signature="terminate(org.testng.ITestResult)[pri:0, instance:com.sevenrmartsupermarket.tests.LoginTests@48075da3]" started-at="2025-05-29T21:47:40 IST" name="terminate" finished-at="2025-05-29T21:47:41 IST" duration-ms="561" status="PASS">
          <params>
            <param index="0">
              <value>
                <![CDATA[[TestResult name=verifyValidLogin status=SUCCESS method=LoginTests.verifyValidLogin()[pri:0, instance:com.sevenrmartsupermarket.tests.LoginTests@48075da3] output={null}]]]>
              </value>
            </param>
          </params>
          <reporter-output>
          </reporter-output>
        </test-method> <!-- terminate -->
      </class> <!-- com.sevenrmartsupermarket.tests.LoginTests -->
    </test> <!-- Test3 -->
    <test started-at="2025-05-29T21:47:32 IST" name="Test1" finished-at="2025-05-29T21:47:41 IST" duration-ms="9066">
      <class name="com.sevenrmartsupermarket.tests.LoginTests">
        <test-method is-config="true" signature="launchBrowser()[pri:0, instance:com.sevenrmartsupermarket.tests.LoginTests@1e6a3214]" started-at="2025-05-29T21:47:32 IST" name="launchBrowser" finished-at="2025-05-29T21:47:37 IST" duration-ms="5005" status="PASS">
          <reporter-output>
          </reporter-output>
        </test-method> <!-- launchBrowser -->
        <test-method signature="verifyValidLogin()[pri:0, instance:com.sevenrmartsupermarket.tests.LoginTests@1e6a3214]" started-at="2025-05-29T21:47:37 IST" name="verifyValidLogin" finished-at="2025-05-29T21:47:41 IST" duration-ms="3758" status="PASS">
          <reporter-output>
          </reporter-output>
        </test-method> <!-- verifyValidLogin -->
        <test-method is-config="true" signature="terminate(org.testng.ITestResult)[pri:0, instance:com.sevenrmartsupermarket.tests.LoginTests@1e6a3214]" started-at="2025-05-29T21:47:41 IST" name="terminate" finished-at="2025-05-29T21:47:41 IST" duration-ms="197" status="PASS">
          <params>
            <param index="0">
              <value>
                <![CDATA[[TestResult name=verifyValidLogin status=SUCCESS method=LoginTests.verifyValidLogin()[pri:0, instance:com.sevenrmartsupermarket.tests.LoginTests@1e6a3214] output={null}]]]>
              </value>
            </param>
          </params>
          <reporter-output>
          </reporter-output>
        </test-method> <!-- terminate -->
      </class> <!-- com.sevenrmartsupermarket.tests.LoginTests -->
    </test> <!-- Test1 -->
    <test started-at="2025-05-29T21:47:32 IST" name="Test2" finished-at="2025-05-29T21:47:43 IST" duration-ms="10206">
      <class name="com.sevenrmartsupermarket.tests.LoginTests">
        <test-method is-config="true" signature="launchBrowser()[pri:0, instance:com.sevenrmartsupermarket.tests.LoginTests@606e4010]" started-at="2025-05-29T21:47:32 IST" name="launchBrowser" finished-at="2025-05-29T21:47:37 IST" duration-ms="5069" status="PASS">
          <reporter-output>
          </reporter-output>
        </test-method> <!-- launchBrowser -->
        <test-method signature="verifyValidLogin()[pri:0, instance:com.sevenrmartsupermarket.tests.LoginTests@606e4010]" started-at="2025-05-29T21:47:37 IST" name="verifyValidLogin" finished-at="2025-05-29T21:47:40 IST" duration-ms="2837" status="PASS">
          <reporter-output>
          </reporter-output>
        </test-method> <!-- verifyValidLogin -->
        <test-method is-config="true" signature="terminate(org.testng.ITestResult)[pri:0, instance:com.sevenrmartsupermarket.tests.LoginTests@606e4010]" started-at="2025-05-29T21:47:40 IST" name="terminate" finished-at="2025-05-29T21:47:43 IST" duration-ms="2195" status="PASS">
          <params>
            <param index="0">
              <value>
                <![CDATA[[TestResult name=verifyValidLogin status=SUCCESS method=LoginTests.verifyValidLogin()[pri:0, instance:com.sevenrmartsupermarket.tests.LoginTests@606e4010] output={null}]]]>
              </value>
            </param>
          </params>
          <reporter-output>
          </reporter-output>
        </test-method> <!-- terminate -->
      </class> <!-- com.sevenrmartsupermarket.tests.LoginTests -->
    </test> <!-- Test2 -->
  </suite> <!-- SuiteExample -->
</testng-results>
