<?xml version="1.0" encoding="UTF-8"?>
<testng-results ignored="0" total="1" passed="1" failed="0" skipped="0">
  <reporter-output>
  </reporter-output>
  <suite started-at="2025-06-09T19:03:15 IST" name="Default suite" finished-at="2025-06-09T19:03:19 IST" duration-ms="3935">
    <groups>
      <group name="regression">
        <method signature="DashBoardTest.verifyTheContactUsMailIsNotNull()[pri:0, instance:com.sevenrmartsupermarket.tests.DashBoardTest@5b218417]" name="verifyTheContactUsMailIsNotNull" class="com.sevenrmartsupermarket.tests.DashBoardTest"/>
      </group> <!-- regression -->
    </groups>
    <test started-at="2025-06-09T19:03:15 IST" name="Default test" finished-at="2025-06-09T19:03:19 IST" duration-ms="3935">
      <class name="com.sevenrmartsupermarket.tests.DashBoardTest">
        <test-method is-config="true" signature="launchBrowser()[pri:0, instance:com.sevenrmartsupermarket.tests.DashBoardTest@5b218417]" started-at="2025-06-09T19:03:16 IST" name="launchBrowser" finished-at="2025-06-09T19:03:18 IST" duration-ms="2633" status="PASS">
          <reporter-output>
          </reporter-output>
        </test-method> <!-- launchBrowser -->
        <test-method signature="verifyTheContactUsMailIsNotNull()[pri:0, instance:com.sevenrmartsupermarket.tests.DashBoardTest@5b218417]" started-at="2025-06-09T19:03:18 IST" name="verifyTheContactUsMailIsNotNull" finished-at="2025-06-09T19:03:19 IST" duration-ms="921" status="PASS">
          <reporter-output>
          </reporter-output>
        </test-method> <!-- verifyTheContactUsMailIsNotNull -->
        <test-method is-config="true" signature="terminate(org.testng.ITestResult)[pri:0, instance:com.sevenrmartsupermarket.tests.DashBoardTest@5b218417]" started-at="2025-06-09T19:03:19 IST" name="terminate" finished-at="2025-06-09T19:03:19 IST" duration-ms="282" status="PASS">
          <params>
            <param index="0">
              <value>
                <![CDATA[[TestResult name=verifyTheContactUsMailIsNotNull status=SUCCESS method=DashBoardTest.verifyTheContactUsMailIsNotNull()[pri:0, instance:com.sevenrmartsupermarket.tests.DashBoardTest@5b218417] output={null}]]]>
              </value>
            </param>
          </params>
          <reporter-output>
          </reporter-output>
        </test-method> <!-- terminate -->
      </class> <!-- com.sevenrmartsupermarket.tests.DashBoardTest -->
    </test> <!-- Default test -->
  </suite> <!-- Default suite -->
</testng-results>
