<?xml version="1.0" encoding="UTF-8"?>
<testng-results ignored="0" total="1" passed="1" failed="0" skipped="0">
  <reporter-output>
  </reporter-output>
  <suite started-at="2025-06-12T20:29:33 IST" name="Default suite" finished-at="2025-06-12T20:29:44 IST" duration-ms="11168">
    <groups>
    </groups>
    <test started-at="2025-06-12T20:29:33 IST" name="Default test" finished-at="2025-06-12T20:29:44 IST" duration-ms="11168">
      <class name="com.sevenrmartsupermarket.tests.AdminUsersTest">
        <test-method is-config="true" signature="launchBrowser()[pri:0, instance:com.sevenrmartsupermarket.tests.AdminUsersTest@413d1baf]" started-at="2025-06-12T20:29:33 IST" name="launchBrowser" finished-at="2025-06-12T20:29:39 IST" duration-ms="6533" status="PASS">
          <reporter-output>
          </reporter-output>
        </test-method> <!-- launchBrowser -->
        <test-method signature="testNewUserCreation()[pri:0, instance:com.sevenrmartsupermarket.tests.AdminUsersTest@413d1baf]" started-at="2025-06-12T20:29:39 IST" name="testNewUserCreation" finished-at="2025-06-12T20:29:44 IST" duration-ms="4401" status="PASS">
          <reporter-output>
          </reporter-output>
        </test-method> <!-- testNewUserCreation -->
        <test-method is-config="true" signature="terminate(org.testng.ITestResult)[pri:0, instance:com.sevenrmartsupermarket.tests.AdminUsersTest@413d1baf]" started-at="2025-06-12T20:29:44 IST" name="terminate" finished-at="2025-06-12T20:29:44 IST" duration-ms="199" status="PASS">
          <params>
            <param index="0">
              <value>
                <![CDATA[[TestResult name=testNewUserCreation status=SUCCESS method=AdminUsersTest.testNewUserCreation()[pri:0, instance:com.sevenrmartsupermarket.tests.AdminUsersTest@413d1baf] output={null}]]]>
              </value>
            </param>
          </params>
          <reporter-output>
          </reporter-output>
        </test-method> <!-- terminate -->
      </class> <!-- com.sevenrmartsupermarket.tests.AdminUsersTest -->
    </test> <!-- Default test -->
  </suite> <!-- Default suite -->
</testng-results>
